Added Component: Designator=C14(C0805-2012)
Added Component: Designator=R31(RESC2012(0805))
Added Component: Designator=R32(RESC2012(0805))
Added Component: Designator=R33(RESC2012(0805))
Added Component: Designator=R34(RESC2012(0805))
Added Component: Designator=S2(SD-CARD)
Added Pin To Net: NetName=3V3 Pin=C14-1
Added Pin To Net: NetName=GND Pin=C14-2
Added Pin To Net: NetName=3V3 Pin=R31-2
Added Pin To Net: NetName=3V3 Pin=R32-2
Added Pin To Net: NetName=3V3 Pin=R33-2
Added Pin To Net: NetName=3V3 Pin=R34-2
Added Pin To Net: NetName=GND Pin=S2-3
Added Pin To Net: NetName=3V3 Pin=S2-4
Added Pin To Net: NetName=GND Pin=S2-6
Added Pin To Net: NetName=NetR31_1 Pin=R31-1
Added Pin To Net: NetName=NetR31_1 Pin=S2-1
Added Pin To Net: NetName=NetR31_1 Pin=U1-21
Added Net: Name=NetR31_1
Added Pin To Net: NetName=NetR32_1 Pin=R32-1
Added Pin To Net: NetName=NetR32_1 Pin=S2-2
Added Pin To Net: NetName=NetR32_1 Pin=U1-20
Added Net: Name=NetR32_1
Added Pin To Net: NetName=NetR33_1 Pin=R33-1
Added Pin To Net: NetName=NetR33_1 Pin=S2-CD
Added Pin To Net: NetName=NetR33_1 Pin=U1-18
Added Net: Name=NetR33_1
Added Pin To Net: NetName=NetR34_1 Pin=R34-1
Added Pin To Net: NetName=NetR34_1 Pin=S2-7
Added Pin To Net: NetName=NetR34_1 Pin=U1-15
Added Net: Name=NetR34_1
Added Pin To Net: NetName=NetS2_5 Pin=S2-5
Added Pin To Net: NetName=NetS2_5 Pin=U1-19
Added Net: Name=NetS2_5
Added Member To Class: ClassName=A-Main Member=Component C14 10uF/16V
Added Member To Class: ClassName=A-Main Member=Component R31 
Added Member To Class: ClassName=A-Main Member=Component R32 
Added Member To Class: ClassName=A-Main Member=Component R33 
Added Member To Class: ClassName=A-Main Member=Component R34 
Added Member To Class: ClassName=A-Main Member=Component S2 SD-CARD/PUSH-PULL
