Removed Pin From Net: NetName=3V3 Pin=C14-1
Removed Pin From Net: NetName=GND Pin=C14-2
Removed Pin From Net: NetName=GND Pin=HD4-1
Removed Pin From Net: NetName=GND Pin=HD4-19
Removed Pin From Net: NetName=GND Pin=HD5-2
Removed Pin From Net: NetName=3V3 Pin=HD5-7
Removed Pin From Net: NetName=3V3 Pin=HD5-9
Removed Pin From Net: NetName=GND Pin=HD5-20
Removed Pin From Net: NetName=3V3 Pin=R31-2
Removed Pin From Net: NetName=3V3 Pin=R32-2
Removed Pin From Net: NetName=3V3 Pin=R33-2
Removed Pin From Net: NetName=3V3 Pin=R34-2
Removed Pin From Net: NetName=GND Pin=S2-3
Removed Pin From Net: NetName=3V3 Pin=S2-4
Removed Pin From Net: NetName=GND Pin=S2-6
Removed Member From Class: ClassName=A-Main Member=C14
Removed Member From Class: ClassName=A-Main Member=HD4
Removed Member From Class: ClassName=A-Main Member=HD5
Removed Member From Class: ClassName=A-Main Member=R31
Removed Member From Class: ClassName=A-Main Member=R32
Removed Member From Class: ClassName=A-Main Member=R33
Removed Member From Class: ClassName=A-Main Member=R34
Removed Member From Class: ClassName=A-Main Member=S2
Added Pin To Net: NetName=NetU1_15 Pin=U1-15
Added Net: Name=NetU1_15
Added Pin To Net: NetName=NetU1_18 Pin=U1-18
Added Net: Name=NetU1_18
Added Pin To Net: NetName=NetU1_19 Pin=U1-19
Added Net: Name=NetU1_19
Added Pin To Net: NetName=NetU1_20 Pin=U1-20
Added Net: Name=NetU1_20
Added Pin To Net: NetName=NetU1_21 Pin=U1-21
Added Net: Name=NetU1_21
Added Pin To Net: NetName=NetU2_3 Pin=U2-3
Added Net: Name=NetU2_3
Added Pin To Net: NetName=NetU2_4 Pin=U2-4
Added Net: Name=NetU2_4
Added Room: Name=A-GSM
Added Room: Name=A-Main
Added Room: Name=A-Power
