Change Physical Footprint: Designator=ANT1 Old Footprint=ANT-SMA-ST-F New Footprint=ANT-SMA-ST-F
Change Physical Footprint: Designator=ANT2 Old Footprint=ANT-IPX-SMD New Footprint=ANT-IPX-SMD
Change Physical Footprint: Designator=D1 Old Footprint=PDS1040 New Footprint=PDS1040
Change Physical Footprint: Designator=D2 Old Footprint=PDS1040 New Footprint=PDS1040
Change Physical Footprint: Designator=HD1 Old Footprint=HeaderSP_4x2 New Footprint=HeaderSP_4x2
Change Physical Footprint: Designator=HD2 Old Footprint=Header_4 New Footprint=Header_4
Change Physical Footprint: Designator=HD3 Old Footprint=Header_4 New Footprint=Header_4
Change Physical Footprint: Designator=HD6 Old Footprint=HeaderSP_4x2 New Footprint=HeaderSP_4x2
Change Physical Footprint: Designator=Hole1 Old Footprint=Screw 3.0 New Footprint=Screw 3.0
Change Physical Footprint: Designator=Hole2 Old Footprint=Screw 3.0 New Footprint=Screw 3.0
Change Physical Footprint: Designator=Hole3 Old Footprint=Screw 3.0 New Footprint=Screw 3.0
Change Physical Footprint: Designator=Hole4 Old Footprint=Screw 3.0 New Footprint=Screw 3.0
Change Physical Footprint: Designator=IC1 Old Footprint=SIM900A New Footprint=SIM900A
Change Physical Footprint: Designator=IC2 Old Footprint=MIC29302A New Footprint=MIC29302A
Change Physical Footprint: Designator=IC3 Old Footprint=RTC-BQ32000 New Footprint=RTC-BQ32000
Change Physical Footprint: Designator=IC4 Old Footprint=BQ24650-16VQFN New Footprint=BQ24650-16VQFN
Change Physical Footprint: Designator=IC5 Old Footprint=LM1086 New Footprint=LM1086
Change Physical Footprint: Designator=J1 Old Footprint=SIM-FMS006-2620-0 New Footprint=SIM-FMS006-2620-0
Change Physical Footprint: Designator=JP1 Old Footprint=Header_2 New Footprint=Header_2
Change Physical Footprint: Designator=JP2 Old Footprint=Header_2 New Footprint=Header_2
Change Physical Footprint: Designator=JP3 Old Footprint=Header_2 New Footprint=Header_2
Change Physical Footprint: Designator=JP4 Old Footprint=Header_2 New Footprint=Header_2
Change Physical Footprint: Designator=JP5 Old Footprint=Header_2 New Footprint=Header_2
Change Physical Footprint: Designator=L1 Old Footprint=IHLP-2525CZ-01 New Footprint=IHLP-2525CZ-01
Change Physical Footprint: Designator=LED1 Old Footprint=Led 0805G New Footprint=Led 0805G
Change Physical Footprint: Designator=LED2 Old Footprint=Led 0805R New Footprint=Led 0805R
Change Physical Footprint: Designator=LED3 Old Footprint=Led 0805R New Footprint=Led 0805R
Change Physical Footprint: Designator=LED4 Old Footprint=Led 0805R New Footprint=Led 0805R
Change Physical Footprint: Designator=LED5 Old Footprint=Led 0805G New Footprint=Led 0805G
Change Physical Footprint: Designator=LED6 Old Footprint=Led 0805G New Footprint=Led 0805G
Change Physical Footprint: Designator=Q1 Old Footprint=MMBT2222A New Footprint=MMBT2222A
Change Physical Footprint: Designator=Q2 Old Footprint=MMBT2222A New Footprint=MMBT2222A
Change Physical Footprint: Designator=Q3 Old Footprint=MMBT2222A New Footprint=MMBT2222A
Change Physical Footprint: Designator=Q4 Old Footprint=NDS331N New Footprint=NDS331N
Change Physical Footprint: Designator=Q5 Old Footprint=NDS331N New Footprint=NDS331N
Change Physical Footprint: Designator=Q6 Old Footprint=MMBT2222A New Footprint=MMBT2222A
Change Physical Footprint: Designator=Q7 Old Footprint=PG-TDSON-8-4 New Footprint=PG-TDSON-8-4
Change Physical Footprint: Designator=R1 Old Footprint=RESC2012(0805) New Footprint=RESC2012(0805)
Change Physical Footprint: Designator=R2 Old Footprint=RESC2012(0805) New Footprint=RESC2012(0805)
Change Physical Footprint: Designator=R3 Old Footprint=RESC2012(0805) New Footprint=RESC2012(0805)
Change Physical Footprint: Designator=R4 Old Footprint=RESC2012(0805) New Footprint=RESC2012(0805)
Change Physical Footprint: Designator=R5 Old Footprint=RESC2012(0805) New Footprint=RESC2012(0805)
Change Physical Footprint: Designator=R6 Old Footprint=RESC2012(0805) New Footprint=RESC2012(0805)
Change Physical Footprint: Designator=R7 Old Footprint=RESC2012(0805) New Footprint=RESC2012(0805)
Change Physical Footprint: Designator=R8 Old Footprint=RESC2012(0805) New Footprint=RESC2012(0805)
Change Physical Footprint: Designator=R9 Old Footprint=RESC2012(0805) New Footprint=RESC2012(0805)
Change Physical Footprint: Designator=R10 Old Footprint=RESC2012(0805) New Footprint=RESC2012(0805)
Change Physical Footprint: Designator=R11 Old Footprint=RESC2012(0805) New Footprint=RESC2012(0805)
Change Physical Footprint: Designator=R12 Old Footprint=RESC2012(0805) New Footprint=RESC2012(0805)
Change Physical Footprint: Designator=R13 Old Footprint=RESC2012(0805) New Footprint=RESC2012(0805)
Change Physical Footprint: Designator=R14 Old Footprint=RESC2012(0805) New Footprint=RESC2012(0805)
Change Physical Footprint: Designator=R15 Old Footprint=RESC2012(0805) New Footprint=RESC2012(0805)
Change Physical Footprint: Designator=R16 Old Footprint=RESC2012(0805) New Footprint=RESC2012(0805)
Change Physical Footprint: Designator=R17 Old Footprint=RESC2012(0805) New Footprint=RESC2012(0805)
Change Physical Footprint: Designator=R18 Old Footprint=RESC2012(0805) New Footprint=RESC2012(0805)
Change Physical Footprint: Designator=R19 Old Footprint=RESC2012(0805) New Footprint=RESC2012(0805)
Change Physical Footprint: Designator=R20 Old Footprint=RESC2012(0805) New Footprint=RESC2012(0805)
Change Physical Footprint: Designator=R21 Old Footprint=RESC2012(0805) New Footprint=RESC2012(0805)
Change Physical Footprint: Designator=R22 Old Footprint=RESC2012(0805) New Footprint=RESC2012(0805)
Change Physical Footprint: Designator=R23 Old Footprint=RESC2012(0805) New Footprint=RESC2012(0805)
Change Physical Footprint: Designator=R24 Old Footprint=RESC2012(0805) New Footprint=RESC2012(0805)
Change Physical Footprint: Designator=R25 Old Footprint=RESC2012(0805) New Footprint=RESC2012(0805)
Change Physical Footprint: Designator=R26 Old Footprint=RESC2012(0805) New Footprint=RESC2012(0805)
Change Physical Footprint: Designator=R27 Old Footprint=RESC2012(0805) New Footprint=RESC2012(0805)
Change Physical Footprint: Designator=R28 Old Footprint=RESC2012(0805) New Footprint=RESC2012(0805)
Change Physical Footprint: Designator=R29 Old Footprint=RESC2012(0805) New Footprint=RESC2012(0805)
Change Physical Footprint: Designator=R30 Old Footprint=RESC2012(0805) New Footprint=RESC2012(0805)
Change Physical Footprint: Designator=R31 Old Footprint=RESC2012(0805) New Footprint=RESC2012(0805)
Change Physical Footprint: Designator=R32 Old Footprint=RESC2012(0805) New Footprint=RESC2012(0805)
Change Physical Footprint: Designator=R33 Old Footprint=RESC2012(0805) New Footprint=RESC2012(0805)
Change Physical Footprint: Designator=R34 Old Footprint=RESC2012(0805) New Footprint=RESC2012(0805)
Change Physical Footprint: Designator=R35 Old Footprint=RESC2012(0805) New Footprint=RESC2012(0805)
Change Physical Footprint: Designator=R36 Old Footprint=RESC2012(0805) New Footprint=RESC2012(0805)
Change Physical Footprint: Designator=R38 Old Footprint=RESC2012(0805) New Footprint=RESC2012(0805)
Change Physical Footprint: Designator=R41 Old Footprint=RESC2012(0805) New Footprint=RESC2012(0805)
Change Physical Footprint: Designator=R42 Old Footprint=RESC2012(0805) New Footprint=RESC2012(0805)
Change Physical Footprint: Designator=R43 Old Footprint=RESC2012(0805) New Footprint=RESC2012(0805)
Change Physical Footprint: Designator=R44 Old Footprint=RESC2012(0805) New Footprint=RESC2012(0805)
Change Physical Footprint: Designator=R45 Old Footprint=RESC2012(0805) New Footprint=RESC2012(0805)
Change Physical Footprint: Designator=R46 Old Footprint=RESC2012(0805) New Footprint=RESC2012(0805)
Change Physical Footprint: Designator=R47 Old Footprint=RESC2012(0805) New Footprint=RESC2012(0805)
Change Physical Footprint: Designator=R48 Old Footprint=RESC2012(0805) New Footprint=RESC2012(0805)
Change Physical Footprint: Designator=R49 Old Footprint=RESC2012(0805) New Footprint=RESC2012(0805)
Change Physical Footprint: Designator=R50 Old Footprint=RESC2012(0805) New Footprint=RESC2012(0805)
Change Physical Footprint: Designator=R51 Old Footprint=RESC2012(0805) New Footprint=RESC2012(0805)
Change Physical Footprint: Designator=R52 Old Footprint=RESC2012(0805) New Footprint=RESC2012(0805)
Change Physical Footprint: Designator=R53 Old Footprint=RESC2012(0805) New Footprint=RESC2012(0805)
Change Physical Footprint: Designator=S2 Old Footprint=SD-CARD New Footprint=SD-CARD
Change Physical Footprint: Designator=SB1 Old Footprint=head PAD New Footprint=head PAD
Change Physical Footprint: Designator=SB2 Old Footprint=head PAD New Footprint=head PAD
Change Physical Footprint: Designator=SB3 Old Footprint=head PAD New Footprint=head PAD
Change Physical Footprint: Designator=SW1 Old Footprint=BTN-EVQ-11A04M New Footprint=BTN-EVQ-11A04M
Change Physical Footprint: Designator=SW2 Old Footprint=BTN-EVQ-11A04M New Footprint=BTN-EVQ-11A04M
Change Physical Footprint: Designator=SW3 Old Footprint=BTN-EVQ-11A04M New Footprint=BTN-EVQ-11A04M
Change Physical Footprint: Designator=SW4 Old Footprint=BTN-EVQ-11A04M New Footprint=BTN-EVQ-11A04M
Change Physical Footprint: Designator=SW5 Old Footprint=SWITCH-SDSM New Footprint=SWITCH-SDSM
Change Physical Footprint: Designator=SW6 Old Footprint=SW-POWER New Footprint=SW-POWER
Change Physical Footprint: Designator=TB1 Old Footprint=MKDS-DOMINO-4-PIN New Footprint=MKDS-DOMINO-4-PIN
Change Physical Footprint: Designator=TP1 Old Footprint=Test_point_VIA06 New Footprint=Test_point_VIA06
Change Physical Footprint: Designator=TP2 Old Footprint=Test_point_VIA06 New Footprint=Test_point_VIA06
Change Physical Footprint: Designator=TP3 Old Footprint=Test_point_VIA06 New Footprint=Test_point_VIA06
Change Physical Footprint: Designator=TP4 Old Footprint=Test_point_VIA06 New Footprint=Test_point_VIA06
Change Physical Footprint: Designator=TP5 Old Footprint=Test_point_VIA06 New Footprint=Test_point_VIA06
Change Physical Footprint: Designator=TP6 Old Footprint=Test_point_VIA06 New Footprint=Test_point_VIA06
Change Physical Footprint: Designator=TP7 Old Footprint=Test_point_VIA06 New Footprint=Test_point_VIA06
Change Physical Footprint: Designator=U1 Old Footprint=MSP430G2253IPW28R New Footprint=MSP430G2253IPW28R
Change Physical Footprint: Designator=U2 Old Footprint=MSP430G2253IPW28R New Footprint=MSP430G2253IPW28R
Change Physical Footprint: Designator=XT1 Old Footprint=CR_32768 New Footprint=CR_32768
