Replace Part C1 Tu Hoa 10uF 16V 4x7 in C:\hoc\Altium\learn\bai tap\Mach_dieu_khien_tu_xa\Mach dieu khien tu xa.SchDoc with Tu Hoa 10uF 16V 4x7 from Tu dien.SchLib
Replace Part C2 10uF/50V in C:\hoc\Altium\learn\bai tap\Mach_dieu_khien_tu_xa\Mach dieu khien tu xa.SchDoc with 10uF/50V from Tu dien.SchLib
Replace Part C3 Tu gom 104 50V in C:\hoc\Altium\learn\bai tap\Mach_dieu_khien_tu_xa\Mach dieu khien tu xa.SchDoc with Tu gom 104 50V from Tu dien.SchLib
Replace Part C4 Tu gom 104 50V in C:\hoc\Altium\learn\bai tap\Mach_dieu_khien_tu_xa\Mach dieu khien tu xa.SchDoc with Tu gom 104 50V from Tu dien.SchLib
Replace Part C5 Tu tantalum 10uF 35V SMD6032 in C:\hoc\Altium\learn\bai tap\Mach_dieu_khien_tu_xa\Mach dieu khien tu xa.SchDoc with Tu tantalum 10uF 35V SMD6032 from Tu dien.SchLib
Replace Part C6 Tu tantalum 10uF 16V SMD3528 in C:\hoc\Altium\learn\bai tap\Mach_dieu_khien_tu_xa\Mach dieu khien tu xa.SchDoc with Tu tantalum 10uF 16V SMD3528 from Tu dien.SchLib
Replace Part C7 Tu gom 104 50V in C:\hoc\Altium\learn\bai tap\Mach_dieu_khien_tu_xa\Mach dieu khien tu xa.SchDoc with Tu gom 104 50V from Tu dien.SchLib
Replace Part C8 Tu Hoa 3300uF 50V 18x35 in C:\hoc\Altium\learn\bai tap\Mach_dieu_khien_tu_xa\Mach dieu khien tu xa.SchDoc with Tu Hoa 3300uF 50V 18x35 from Tu dien.SchLib
Replace Part C9 Tu gom 104 50V in C:\hoc\Altium\learn\bai tap\Mach_dieu_khien_tu_xa\Mach dieu khien tu xa.SchDoc with Tu gom 104 50V from Tu dien.SchLib
Replace Part C10 Tu tantalum 10uF 35V SMD6032 in C:\hoc\Altium\learn\bai tap\Mach_dieu_khien_tu_xa\Mach dieu khien tu xa.SchDoc with Tu tantalum 10uF 35V SMD6032 from Tu dien.SchLib
Replace Part C11 Tu tantalum 10uF 16V SMD3528 in C:\hoc\Altium\learn\bai tap\Mach_dieu_khien_tu_xa\Mach dieu khien tu xa.SchDoc with Tu tantalum 10uF 16V SMD3528 from Tu dien.SchLib
Replace Part C12 10uF/50V in C:\hoc\Altium\learn\bai tap\Mach_dieu_khien_tu_xa\Mach dieu khien tu xa.SchDoc with 10uF/50V from Tu dien.SchLib
Replace Part C13 Tu gom 104 50V in C:\hoc\Altium\learn\bai tap\Mach_dieu_khien_tu_xa\Mach dieu khien tu xa.SchDoc with Tu gom 104 50V from Tu dien.SchLib
Replace Part C14 Tu gom 104 50V in C:\hoc\Altium\learn\bai tap\Mach_dieu_khien_tu_xa\Mach dieu khien tu xa.SchDoc with Tu gom 104 50V from Tu dien.SchLib
Replace Part C15 Tu tantalum 4.7uF 16V SMD3216 in C:\hoc\Altium\learn\bai tap\Mach_dieu_khien_tu_xa\Mach dieu khien tu xa.SchDoc with Tu tantalum 4.7uF 16V SMD3216 from Tu dien.SchLib
Replace Part C16 Tu gom 22pF 50V in C:\hoc\Altium\learn\bai tap\Mach_dieu_khien_tu_xa\Mach dieu khien tu xa.SchDoc with Tu gom 22pF 50V from Tu dien.SchLib
Replace Part C17 Tu gom 22pF 50V in C:\hoc\Altium\learn\bai tap\Mach_dieu_khien_tu_xa\Mach dieu khien tu xa.SchDoc with Tu gom 22pF 50V from Tu dien.SchLib
Replace Part C18 Tu Hoa 10uF 16V 4x7 in C:\hoc\Altium\learn\bai tap\Mach_dieu_khien_tu_xa\Mach dieu khien tu xa.SchDoc with Tu Hoa 10uF 16V 4x7 from Tu dien.SchLib
Replace Part C19 Tu tantalum 10uF 16V SMD3216 in C:\hoc\Altium\learn\bai tap\Mach_dieu_khien_tu_xa\Mach dieu khien tu xa.SchDoc with Tu tantalum 10uF 16V SMD3216 from Tu dien.SchLib
Replace Part C20 Tu gom 104 50V in C:\hoc\Altium\learn\bai tap\Mach_dieu_khien_tu_xa\Mach dieu khien tu xa.SchDoc with Tu gom 104 50V from Tu dien.SchLib
Replace Part C21 Tu tantalum 1nF 50V 20% DIP5.08 in C:\hoc\Altium\learn\bai tap\Mach_dieu_khien_tu_xa\Mach dieu khien tu xa.SchDoc with Tu tantalum 1nF 50V 20% DIP5.08 from Tu dien.SchLib
Replace Part C22 Tu gom 104 50V in C:\hoc\Altium\learn\bai tap\Mach_dieu_khien_tu_xa\Mach dieu khien tu xa.SchDoc with Tu gom 104 50V from Tu dien.SchLib
Replace Part D1 1N4007 in C:\hoc\Altium\learn\bai tap\Mach_dieu_khien_tu_xa\Mach dieu khien tu xa.SchDoc with 1N4007 from Diode.SchLib
Replace Part DB1 Diode CAU 10A in C:\hoc\Altium\learn\bai tap\Mach_dieu_khien_tu_xa\Mach dieu khien tu xa.SchDoc with Diode CAU 10A from Diode.SchLib
Replace Part F1 Fuse in C:\hoc\Altium\learn\bai tap\Mach_dieu_khien_tu_xa\Mach dieu khien tu xa.SchDoc with Fuse from syhaunguyen.SchLib
Replace Part H1 Header 3P 2.54 Duc Thang in C:\hoc\Altium\learn\bai tap\Mach_dieu_khien_tu_xa\Mach dieu khien tu xa.SchDoc with Header 3P 2.54 Duc Thang from Header.SchLib
Replace Part H2 Header 3P 2.54 Duc Thang in C:\hoc\Altium\learn\bai tap\Mach_dieu_khien_tu_xa\Mach dieu khien tu xa.SchDoc with Header 3P 2.54 Duc Thang from Header.SchLib
Replace Part H3 Header 3P 2.54 Duc Thang in C:\hoc\Altium\learn\bai tap\Mach_dieu_khien_tu_xa\Mach dieu khien tu xa.SchDoc with Header 3P 2.54 Duc Thang from Header.SchLib
Replace Part HD1 Hed2 in C:\hoc\Altium\learn\bai tap\Mach_dieu_khien_tu_xa\Mach dieu khien tu xa.SchDoc with Hed2 from syhaunguyen.SchLib
Replace Part HD2 Hed2 in C:\hoc\Altium\learn\bai tap\Mach_dieu_khien_tu_xa\Mach dieu khien tu xa.SchDoc with Hed2 from syhaunguyen.SchLib
Replace Part HD3 Hed2 in C:\hoc\Altium\learn\bai tap\Mach_dieu_khien_tu_xa\Mach dieu khien tu xa.SchDoc with Hed2 from syhaunguyen.SchLib
Replace Part HD4 JST-2.5-12P in C:\hoc\Altium\learn\bai tap\Mach_dieu_khien_tu_xa\Mach dieu khien tu xa.SchDoc with JST-2.5-12P from Connector.SchLib
Replace Part HD5 JST-2.5-12P in C:\hoc\Altium\learn\bai tap\Mach_dieu_khien_tu_xa\Mach dieu khien tu xa.SchDoc with JST-2.5-12P from Connector.SchLib
Replace Part IC1 LM78xx in C:\hoc\Altium\learn\bai tap\Mach_dieu_khien_tu_xa\Mach dieu khien tu xa.SchDoc with LM78xx from syhaunguyen.SchLib
Replace Part IC2 LM78xx in C:\hoc\Altium\learn\bai tap\Mach_dieu_khien_tu_xa\Mach dieu khien tu xa.SchDoc with LM78xx from syhaunguyen.SchLib
Replace Part IC3 LM78xx in C:\hoc\Altium\learn\bai tap\Mach_dieu_khien_tu_xa\Mach dieu khien tu xa.SchDoc with LM78xx from syhaunguyen.SchLib
Replace Part IC4 LM78xx in C:\hoc\Altium\learn\bai tap\Mach_dieu_khien_tu_xa\Mach dieu khien tu xa.SchDoc with LM78xx from syhaunguyen.SchLib
Replace Part IC5 LM78xx in C:\hoc\Altium\learn\bai tap\Mach_dieu_khien_tu_xa\Mach dieu khien tu xa.SchDoc with LM78xx from syhaunguyen.SchLib
Replace Part IC6 TSOP 1838 in C:\hoc\Altium\learn\bai tap\Mach_dieu_khien_tu_xa\Mach dieu khien tu xa.SchDoc with TSOP 1838 from Component.SchLib
Replace Part IC7 TSOP 1838 in C:\hoc\Altium\learn\bai tap\Mach_dieu_khien_tu_xa\Mach dieu khien tu xa.SchDoc with TSOP 1838 from Component.SchLib
Replace Part J1 MALE-2.54-4P in C:\hoc\Altium\learn\bai tap\Mach_dieu_khien_tu_xa\Mach dieu khien tu xa.SchDoc with MALE-2.54-4P from Connector.SchLib
Replace Part J2 MALE-2.54-2P in C:\hoc\Altium\learn\bai tap\Mach_dieu_khien_tu_xa\Mach dieu khien tu xa.SchDoc with MALE-2.54-2P from Connector.SchLib
Replace Part LED1 LED in C:\hoc\Altium\learn\bai tap\Mach_dieu_khien_tu_xa\Mach dieu khien tu xa.SchDoc with LED from syhaunguyen.SchLib
Replace Part LED2 LED in C:\hoc\Altium\learn\bai tap\Mach_dieu_khien_tu_xa\Mach dieu khien tu xa.SchDoc with LED from syhaunguyen.SchLib
Replace Part LED3 LED 5mm Xanh La in C:\hoc\Altium\learn\bai tap\Mach_dieu_khien_tu_xa\Mach dieu khien tu xa.SchDoc with LED 5mm Xanh La from Led.SchLib
Replace Part Q1 PNP_ECB in C:\hoc\Altium\learn\bai tap\Mach_dieu_khien_tu_xa\Mach dieu khien tu xa.SchDoc with PNP_ECB from syhaunguyen.SchLib
Replace Part Q2 2N2222 in C:\hoc\Altium\learn\bai tap\Mach_dieu_khien_tu_xa\Mach dieu khien tu xa.SchDoc with 2N2222 from TranFet.SchLib
Replace Part Q3 2N2222 in C:\hoc\Altium\learn\bai tap\Mach_dieu_khien_tu_xa\Mach dieu khien tu xa.SchDoc with 2N2222 from TranFet.SchLib
Replace Part R1 Tro Vach 1W 5% 220R in C:\hoc\Altium\learn\bai tap\Mach_dieu_khien_tu_xa\Mach dieu khien tu xa.SchDoc with Tro Vach 1W 5% 220R from Dien Tro.SchLib
Replace Part R2 Tro Vach 1W 5% 220R in C:\hoc\Altium\learn\bai tap\Mach_dieu_khien_tu_xa\Mach dieu khien tu xa.SchDoc with Tro Vach 1W 5% 220R from Dien Tro.SchLib
Replace Part R3 Tro Vach 2W 1% 1.5R in C:\hoc\Altium\learn\bai tap\Mach_dieu_khien_tu_xa\Mach dieu khien tu xa.SchDoc with Tro Vach 2W 1% 1.5R from Dien Tro.SchLib
Replace Part R4 Tro Vach 1/4W 5% 2.2k in C:\hoc\Altium\learn\bai tap\Mach_dieu_khien_tu_xa\Mach dieu khien tu xa.SchDoc with Tro Vach 1/4W 5% 2.2k from Dien Tro.SchLib
Replace Part R5 Tro Vach 1/4W 1% 330R in C:\hoc\Altium\learn\bai tap\Mach_dieu_khien_tu_xa\Mach dieu khien tu xa.SchDoc with Tro Vach 1/4W 1% 330R from Dien Tro.SchLib
Replace Part R6 Tro Vach 2W 5% 330R in C:\hoc\Altium\learn\bai tap\Mach_dieu_khien_tu_xa\Mach dieu khien tu xa.SchDoc with Tro Vach 2W 5% 330R from Dien Tro.SchLib
Replace Part R7 Tro Vach 2W 5% 10k in C:\hoc\Altium\learn\bai tap\Mach_dieu_khien_tu_xa\Mach dieu khien tu xa.SchDoc with Tro Vach 2W 5% 10k from Dien Tro.SchLib
Replace Part R8 Tro 0603 1% 0R in C:\hoc\Altium\learn\bai tap\Mach_dieu_khien_tu_xa\Mach dieu khien tu xa.SchDoc with Tro 0603 1% 0R from Dien Tro.SchLib
Replace Part R9 Tro Vach 1/4W 5% 200k in C:\hoc\Altium\learn\bai tap\Mach_dieu_khien_tu_xa\Mach dieu khien tu xa.SchDoc with Tro Vach 1/4W 5% 200k from Dien Tro.SchLib
Replace Part R10 Tro Vach 1/4W 5% 200k in C:\hoc\Altium\learn\bai tap\Mach_dieu_khien_tu_xa\Mach dieu khien tu xa.SchDoc with Tro Vach 1/4W 5% 200k from Dien Tro.SchLib
Replace Part R11 Tro 0603 1% 0R in C:\hoc\Altium\learn\bai tap\Mach_dieu_khien_tu_xa\Mach dieu khien tu xa.SchDoc with Tro 0603 1% 0R from Dien Tro.SchLib
Replace Part R12 Tro Vach 1W 5% 1k in C:\hoc\Altium\learn\bai tap\Mach_dieu_khien_tu_xa\Mach dieu khien tu xa.SchDoc with Tro Vach 1W 5% 1k from Dien Tro.SchLib
Replace Part R13 Tro Vach 1W 5% 1k in C:\hoc\Altium\learn\bai tap\Mach_dieu_khien_tu_xa\Mach dieu khien tu xa.SchDoc with Tro Vach 1W 5% 1k from Dien Tro.SchLib
Replace Part R14 Tro Vach 1/4W 5% 47k in C:\hoc\Altium\learn\bai tap\Mach_dieu_khien_tu_xa\Mach dieu khien tu xa.SchDoc with Tro Vach 1/4W 5% 47k from Dien Tro.SchLib
Replace Part R15 Tro Vach 1/4W 5% 10k in C:\hoc\Altium\learn\bai tap\Mach_dieu_khien_tu_xa\Mach dieu khien tu xa.SchDoc with Tro Vach 1/4W 5% 10k from Dien Tro.SchLib
Replace Part R16 Tro Vach 1/4W 5% 10k in C:\hoc\Altium\learn\bai tap\Mach_dieu_khien_tu_xa\Mach dieu khien tu xa.SchDoc with Tro Vach 1/4W 5% 10k from Dien Tro.SchLib
Replace Part R17 Tro Vach 1/4W 5% 10k in C:\hoc\Altium\learn\bai tap\Mach_dieu_khien_tu_xa\Mach dieu khien tu xa.SchDoc with Tro Vach 1/4W 5% 10k from Dien Tro.SchLib
Replace Part RL1 Relay 5 Chan SRD in C:\hoc\Altium\learn\bai tap\Mach_dieu_khien_tu_xa\Mach dieu khien tu xa.SchDoc with Relay 5 Chan SRD from Component.SchLib
Replace Part S1 PUSH_BUTTON_SMD_3X4X2 in C:\hoc\Altium\learn\bai tap\Mach_dieu_khien_tu_xa\Mach dieu khien tu xa.SchDoc with PUSH_BUTTON_SMD_3X4X2 from Buttons & Switches.SchLib
Replace Part SP1 SPK in C:\hoc\Altium\learn\bai tap\Mach_dieu_khien_tu_xa\Mach dieu khien tu xa.SchDoc with SPK from syhaunguyen.SchLib
Replace Part U1 PRTR5V0U2X in C:\hoc\Altium\learn\bai tap\Mach_dieu_khien_tu_xa\Mach dieu khien tu xa.SchDoc with PRTR5V0U2X from IC.SchLib
Replace Part U2 MSP430G2553 (PW28) in C:\hoc\Altium\learn\bai tap\Mach_dieu_khien_tu_xa\Mach dieu khien tu xa.SchDoc with MSP430G2553 (PW28) from TV NQM.SchLib
Replace Part U3 IC_ADS1115IDGSR in C:\hoc\Altium\learn\bai tap\Mach_dieu_khien_tu_xa\Mach dieu khien tu xa.SchDoc with IC_ADS1115IDGSR from IC.SchLib
Replace Part X1 Thach Anh 2 chan Cam in C:\hoc\Altium\learn\bai tap\Mach_dieu_khien_tu_xa\Mach dieu khien tu xa.SchDoc with Thach Anh 2 chan Cam from Component.SchLib
