Added Component: Designator=C1(tu hoa 4mm)
Add component (AddParameter): Name = "Chung_Loai"; Value = "C?m"; VariantName = "[No Variations]"
Add component (AddParameter): Name = "Don_Vi"; Value = "Con"; VariantName = "[No Variations]"
Add component (AddParameter): Name = "Kieu_Chan"; Value = ""; VariantName = "[No Variations]"
Add component (AddParameter): Name = "Ma_Hang"; Value = "MH006855"; VariantName = "[No Variations]"
Add component (AddParameter): Name = "So_Chan"; Value = "2"; VariantName = "[No Variations]"
Add component (AddParameter): Name = "Ten_Linh_Kien"; Value = "T? Hóa 10uF 16V"; VariantName = "[No Variations]"
Added Component: Designator=C2(10uF/50V)
Added Component: Designator=C3(tu gom)
Add component (AddParameter): Name = "Chung_Loai"; Value = "C?m"; VariantName = "[No Variations]"
Add component (AddParameter): Name = "Don_Vi"; Value = "Con"; VariantName = "[No Variations]"
Add component (AddParameter): Name = "Kieu_Chan"; Value = ""; VariantName = "[No Variations]"
Add component (AddParameter): Name = "Ma_Hang"; Value = "MH004761"; VariantName = "[No Variations]"
Add component (AddParameter): Name = "So_Chan"; Value = "2"; VariantName = "[No Variations]"
Add component (AddParameter): Name = "Ten_Linh_Kien"; Value = "T? g?m 104 100nF 50V"; VariantName = "[No Variations]"
Added Component: Designator=C4(tu gom)
Add component (AddParameter): Name = "Chung_Loai"; Value = "C?m"; VariantName = "[No Variations]"
Add component (AddParameter): Name = "Don_Vi"; Value = "Con"; VariantName = "[No Variations]"
Add component (AddParameter): Name = "Kieu_Chan"; Value = ""; VariantName = "[No Variations]"
Add component (AddParameter): Name = "Ma_Hang"; Value = "MH004761"; VariantName = "[No Variations]"
Add component (AddParameter): Name = "So_Chan"; Value = "2"; VariantName = "[No Variations]"
Add component (AddParameter): Name = "Ten_Linh_Kien"; Value = "T? g?m 104 100nF 50V"; VariantName = "[No Variations]"
Added Component: Designator=C5(tu tantalum smd6032)
Add component (AddParameter): Name = "Chung_Loai"; Value = "Dán"; VariantName = "[No Variations]"
Add component (AddParameter): Name = "Don_Vi"; Value = "Con"; VariantName = "[No Variations]"
Add component (AddParameter): Name = "Kieu_Chan"; Value = ""; VariantName = "[No Variations]"
Add component (AddParameter): Name = "Ma_Hang"; Value = "MH007593"; VariantName = "[No Variations]"
Add component (AddParameter): Name = "So_Chan"; Value = "2"; VariantName = "[No Variations]"
Add component (AddParameter): Name = "Ten_Linh_Kien"; Value = "Tantalum"; VariantName = "[No Variations]"
Added Component: Designator=C6(tu tantalum smd3528)
Add component (AddParameter): Name = "Chung_Loai"; Value = "Dán"; VariantName = "[No Variations]"
Add component (AddParameter): Name = "Don_Vi"; Value = "Con"; VariantName = "[No Variations]"
Add component (AddParameter): Name = "Kieu_Chan"; Value = ""; VariantName = "[No Variations]"
Add component (AddParameter): Name = "Ma_Hang"; Value = "MH007474"; VariantName = "[No Variations]"
Add component (AddParameter): Name = "So_Chan"; Value = "2"; VariantName = "[No Variations]"
Add component (AddParameter): Name = "Ten_Linh_Kien"; Value = "Tantalum"; VariantName = "[No Variations]"
Added Component: Designator=C7(tu gom)
Add component (AddParameter): Name = "Chung_Loai"; Value = "C?m"; VariantName = "[No Variations]"
Add component (AddParameter): Name = "Don_Vi"; Value = "Con"; VariantName = "[No Variations]"
Add component (AddParameter): Name = "Kieu_Chan"; Value = ""; VariantName = "[No Variations]"
Add component (AddParameter): Name = "Ma_Hang"; Value = "MH004761"; VariantName = "[No Variations]"
Add component (AddParameter): Name = "So_Chan"; Value = "2"; VariantName = "[No Variations]"
Add component (AddParameter): Name = "Ten_Linh_Kien"; Value = "T? g?m 104 100nF 50V"; VariantName = "[No Variations]"
Added Component: Designator=C8(tu hoa 18mm)
Add component (AddParameter): Name = "Chung_Loai"; Value = "C?m"; VariantName = "[No Variations]"
Add component (AddParameter): Name = "Don_Vi"; Value = "Con"; VariantName = "[No Variations]"
Add component (AddParameter): Name = "Kieu_Chan"; Value = ""; VariantName = "[No Variations]"
Add component (AddParameter): Name = "Ma_Hang"; Value = "MH004423"; VariantName = "[No Variations]"
Add component (AddParameter): Name = "So_Chan"; Value = "2"; VariantName = "[No Variations]"
Add component (AddParameter): Name = "Ten_Linh_Kien"; Value = "T? Hóa 3300uF 50V 18x35MM"; VariantName = "[No Variations]"
Added Component: Designator=C9(tu gom)
Add component (AddParameter): Name = "Chung_Loai"; Value = "C?m"; VariantName = "[No Variations]"
Add component (AddParameter): Name = "Don_Vi"; Value = "Con"; VariantName = "[No Variations]"
Add component (AddParameter): Name = "Kieu_Chan"; Value = ""; VariantName = "[No Variations]"
Add component (AddParameter): Name = "Ma_Hang"; Value = "MH004761"; VariantName = "[No Variations]"
Add component (AddParameter): Name = "So_Chan"; Value = "2"; VariantName = "[No Variations]"
Add component (AddParameter): Name = "Ten_Linh_Kien"; Value = "T? g?m 104 100nF 50V"; VariantName = "[No Variations]"
Added Component: Designator=C10(tu tantalum smd6032)
Add component (AddParameter): Name = "Chung_Loai"; Value = "Dán"; VariantName = "[No Variations]"
Add component (AddParameter): Name = "Don_Vi"; Value = "Con"; VariantName = "[No Variations]"
Add component (AddParameter): Name = "Kieu_Chan"; Value = ""; VariantName = "[No Variations]"
Add component (AddParameter): Name = "Ma_Hang"; Value = "MH007593"; VariantName = "[No Variations]"
Add component (AddParameter): Name = "So_Chan"; Value = "2"; VariantName = "[No Variations]"
Add component (AddParameter): Name = "Ten_Linh_Kien"; Value = "Tantalum"; VariantName = "[No Variations]"
Added Component: Designator=C11(tu tantalum smd3528)
Add component (AddParameter): Name = "Chung_Loai"; Value = "Dán"; VariantName = "[No Variations]"
Add component (AddParameter): Name = "Don_Vi"; Value = "Con"; VariantName = "[No Variations]"
Add component (AddParameter): Name = "Kieu_Chan"; Value = ""; VariantName = "[No Variations]"
Add component (AddParameter): Name = "Ma_Hang"; Value = "MH007474"; VariantName = "[No Variations]"
Add component (AddParameter): Name = "So_Chan"; Value = "2"; VariantName = "[No Variations]"
Add component (AddParameter): Name = "Ten_Linh_Kien"; Value = "Tantalum"; VariantName = "[No Variations]"
Added Component: Designator=C12(10uF/50V)
Added Component: Designator=C13(tu gom)
Add component (AddParameter): Name = "Chung_Loai"; Value = "C?m"; VariantName = "[No Variations]"
Add component (AddParameter): Name = "Don_Vi"; Value = "Con"; VariantName = "[No Variations]"
Add component (AddParameter): Name = "Kieu_Chan"; Value = ""; VariantName = "[No Variations]"
Add component (AddParameter): Name = "Ma_Hang"; Value = "MH004761"; VariantName = "[No Variations]"
Add component (AddParameter): Name = "So_Chan"; Value = "2"; VariantName = "[No Variations]"
Add component (AddParameter): Name = "Ten_Linh_Kien"; Value = "T? g?m 104 100nF 50V"; VariantName = "[No Variations]"
Added Component: Designator=C14(tu gom)
Add component (AddParameter): Name = "Chung_Loai"; Value = "C?m"; VariantName = "[No Variations]"
Add component (AddParameter): Name = "Don_Vi"; Value = "Con"; VariantName = "[No Variations]"
Add component (AddParameter): Name = "Kieu_Chan"; Value = ""; VariantName = "[No Variations]"
Add component (AddParameter): Name = "Ma_Hang"; Value = "MH004761"; VariantName = "[No Variations]"
Add component (AddParameter): Name = "So_Chan"; Value = "2"; VariantName = "[No Variations]"
Add component (AddParameter): Name = "Ten_Linh_Kien"; Value = "T? g?m 104 100nF 50V"; VariantName = "[No Variations]"
Added Component: Designator=C15(tu tantalum smd3216)
Add component (AddParameter): Name = "Chung_Loai"; Value = "Dán"; VariantName = "[No Variations]"
Add component (AddParameter): Name = "Don_Vi"; Value = "Con"; VariantName = "[No Variations]"
Add component (AddParameter): Name = "Kieu_Chan"; Value = ""; VariantName = "[No Variations]"
Add component (AddParameter): Name = "Ma_Hang"; Value = "MH008686"; VariantName = "[No Variations]"
Add component (AddParameter): Name = "So_Chan"; Value = "2"; VariantName = "[No Variations]"
Add component (AddParameter): Name = "Ten_Linh_Kien"; Value = "T? tantalum 475C-4.7uF 16V SMD3216"; VariantName = "[No Variations]"
Added Component: Designator=C16(tu gom)
Add component (AddParameter): Name = "Chung_Loai"; Value = "C?m"; VariantName = "[No Variations]"
Add component (AddParameter): Name = "Don_Vi"; Value = "Con"; VariantName = "[No Variations]"
Add component (AddParameter): Name = "Kieu_Chan"; Value = ""; VariantName = "[No Variations]"
Add component (AddParameter): Name = "Ma_Hang"; Value = "MH004771"; VariantName = "[No Variations]"
Add component (AddParameter): Name = "So_Chan"; Value = "2"; VariantName = "[No Variations]"
Add component (AddParameter): Name = "Ten_Linh_Kien"; Value = "T? g?m 22P 50V"; VariantName = "[No Variations]"
Added Component: Designator=C17(tu gom)
Add component (AddParameter): Name = "Chung_Loai"; Value = "C?m"; VariantName = "[No Variations]"
Add component (AddParameter): Name = "Don_Vi"; Value = "Con"; VariantName = "[No Variations]"
Add component (AddParameter): Name = "Kieu_Chan"; Value = ""; VariantName = "[No Variations]"
Add component (AddParameter): Name = "Ma_Hang"; Value = "MH004771"; VariantName = "[No Variations]"
Add component (AddParameter): Name = "So_Chan"; Value = "2"; VariantName = "[No Variations]"
Add component (AddParameter): Name = "Ten_Linh_Kien"; Value = "T? g?m 22P 50V"; VariantName = "[No Variations]"
Added Component: Designator=C18(tu hoa 4mm)
Add component (AddParameter): Name = "Chung_Loai"; Value = "C?m"; VariantName = "[No Variations]"
Add component (AddParameter): Name = "Don_Vi"; Value = "Con"; VariantName = "[No Variations]"
Add component (AddParameter): Name = "Kieu_Chan"; Value = ""; VariantName = "[No Variations]"
Add component (AddParameter): Name = "Ma_Hang"; Value = "MH006855"; VariantName = "[No Variations]"
Add component (AddParameter): Name = "So_Chan"; Value = "2"; VariantName = "[No Variations]"
Add component (AddParameter): Name = "Ten_Linh_Kien"; Value = "T? Hóa 10uF 16V"; VariantName = "[No Variations]"
Added Component: Designator=C19(tu tantalum smd3216)
Add component (AddParameter): Name = "Chung_Loai"; Value = "Dán"; VariantName = "[No Variations]"
Add component (AddParameter): Name = "Don_Vi"; Value = "Con"; VariantName = "[No Variations]"
Add component (AddParameter): Name = "Kieu_Chan"; Value = ""; VariantName = "[No Variations]"
Add component (AddParameter): Name = "Ma_Hang"; Value = "MH001954"; VariantName = "[No Variations]"
Add component (AddParameter): Name = "So_Chan"; Value = "2"; VariantName = "[No Variations]"
Add component (AddParameter): Name = "Ten_Linh_Kien"; Value = "Tantalum"; VariantName = "[No Variations]"
Added Component: Designator=C20(tu gom)
Add component (AddParameter): Name = "Chung_Loai"; Value = "C?m"; VariantName = "[No Variations]"
Add component (AddParameter): Name = "Don_Vi"; Value = "Con"; VariantName = "[No Variations]"
Add component (AddParameter): Name = "Kieu_Chan"; Value = ""; VariantName = "[No Variations]"
Add component (AddParameter): Name = "Ma_Hang"; Value = "MH004761"; VariantName = "[No Variations]"
Add component (AddParameter): Name = "So_Chan"; Value = "2"; VariantName = "[No Variations]"
Add component (AddParameter): Name = "Ten_Linh_Kien"; Value = "T? g?m 104 100nF 50V"; VariantName = "[No Variations]"
Added Component: Designator=C21(tu tantalum dip5.08)
Add component (AddParameter): Name = "Chung_Loai"; Value = "C?m"; VariantName = "[No Variations]"
Add component (AddParameter): Name = "Don_Vi"; Value = "Con"; VariantName = "[No Variations]"
Add component (AddParameter): Name = "Kieu_Chan"; Value = ""; VariantName = "[No Variations]"
Add component (AddParameter): Name = "Ma_Hang"; Value = "MH003954"; VariantName = "[No Variations]"
Add component (AddParameter): Name = "So_Chan"; Value = "2"; VariantName = "[No Variations]"
Add component (AddParameter): Name = "Ten_Linh_Kien"; Value = "T? tantalum 102-1nF 50V 20% DIP5.08 (s? vàng)(10PCS)"; VariantName = "[No Variations]"
Added Component: Designator=C22(tu gom)
Add component (AddParameter): Name = "Chung_Loai"; Value = "C?m"; VariantName = "[No Variations]"
Add component (AddParameter): Name = "Don_Vi"; Value = "Con"; VariantName = "[No Variations]"
Add component (AddParameter): Name = "Kieu_Chan"; Value = ""; VariantName = "[No Variations]"
Add component (AddParameter): Name = "Ma_Hang"; Value = "MH004761"; VariantName = "[No Variations]"
Add component (AddParameter): Name = "So_Chan"; Value = "2"; VariantName = "[No Variations]"
Add component (AddParameter): Name = "Ten_Linh_Kien"; Value = "T? g?m 104 100nF 50V"; VariantName = "[No Variations]"
Added Component: Designator=D1(1N4007)
Add component (AddParameter): Name = "ComponentLink1Description"; Value = "Datasheet"; VariantName = "[No Variations]"
Add component (AddParameter): Name = "ComponentLink1URL"; Value = "https://www.mouser.com/datasheet/2/849/1n4001-2577232.pdf"; VariantName = "[No Variations]"
Add component (AddParameter): Name = "Digikey PN"; Value = "4617-1N4007TB-ND"; VariantName = "[No Variations]"
Add component (AddParameter): Name = "JLCPCB PN"; Value = "C3033995"; VariantName = "[No Variations]"
Add component (AddParameter): Name = "Mouser PN"; Value = "637-1N4007"; VariantName = "[No Variations]"
Added Component: Designator=DB1(DIODE CAU 10A CAM)
Add component (AddParameter): Name = "Chung_Loai"; Value = "c?m"; VariantName = "[No Variations]"
Add component (AddParameter): Name = "Don_Vi"; Value = "Con"; VariantName = "[No Variations]"
Add component (AddParameter): Name = "Ghi_Chu"; Value = ""; VariantName = "[No Variations]"
Add component (AddParameter): Name = "Kieu_Chan"; Value = ""; VariantName = "[No Variations]"
Add component (AddParameter): Name = "Ma_Hang"; Value = "MH004295"; VariantName = "[No Variations]"
Add component (AddParameter): Name = "Ten_Linh_Kien"; Value = "Diode C?u 10A 1000V KBU1010"; VariantName = "[No Variations]"
Added Component: Designator=F1(Fuse)
Add component (AddParameter): Name = "Designed by"; Value = "VanDungEvn"; VariantName = "[No Variations]"
Add component (AddParameter): Name = "Value"; Value = "Fuse"; VariantName = "[No Variations]"
Added Component: Designator=H1(XH2.54M-3)
Add component (AddParameter): Name = "Chung_Loai"; Value = "C?m"; VariantName = "[No Variations]"
Add component (AddParameter): Name = "Don_Vi"; Value = "Con"; VariantName = "[No Variations]"
Add component (AddParameter): Name = "Ghi_Chu"; Value = ""; VariantName = "[No Variations]"
Add component (AddParameter): Name = "Kieu_Chan"; Value = ""; VariantName = "[No Variations]"
Add component (AddParameter): Name = "Ma_Hang"; Value = "MH001292"; VariantName = "[No Variations]"
Add component (AddParameter): Name = "Ten_Linh_Kien"; Value = "Header 3P XH2.54-3P Ð?c Th?ng"; VariantName = "[No Variations]"
Added Component: Designator=H2(XH2.54M-3)
Add component (AddParameter): Name = "Chung_Loai"; Value = "C?m"; VariantName = "[No Variations]"
Add component (AddParameter): Name = "Don_Vi"; Value = "Con"; VariantName = "[No Variations]"
Add component (AddParameter): Name = "Ghi_Chu"; Value = ""; VariantName = "[No Variations]"
Add component (AddParameter): Name = "Kieu_Chan"; Value = ""; VariantName = "[No Variations]"
Add component (AddParameter): Name = "Ma_Hang"; Value = "MH001292"; VariantName = "[No Variations]"
Add component (AddParameter): Name = "Ten_Linh_Kien"; Value = "Header 3P XH2.54-3P Ð?c Th?ng"; VariantName = "[No Variations]"
Added Component: Designator=H3(XH2.54M-3)
Add component (AddParameter): Name = "Chung_Loai"; Value = "C?m"; VariantName = "[No Variations]"
Add component (AddParameter): Name = "Don_Vi"; Value = "Con"; VariantName = "[No Variations]"
Add component (AddParameter): Name = "Ghi_Chu"; Value = ""; VariantName = "[No Variations]"
Add component (AddParameter): Name = "Kieu_Chan"; Value = ""; VariantName = "[No Variations]"
Add component (AddParameter): Name = "Ma_Hang"; Value = "MH001292"; VariantName = "[No Variations]"
Add component (AddParameter): Name = "Ten_Linh_Kien"; Value = "Header 3P XH2.54-3P Ð?c Th?ng"; VariantName = "[No Variations]"
Added Component: Designator=HD1(HED2)
Add component (AddParameter): Name = "Value"; Value = "Header 2"; VariantName = "[No Variations]"
Added Component: Designator=HD2(HED2)
Add component (AddParameter): Name = "Value"; Value = "Header 2"; VariantName = "[No Variations]"
Added Component: Designator=HD3(HED2)
Add component (AddParameter): Name = "Value"; Value = "Header 2"; VariantName = "[No Variations]"
Added Component: Designator=HD4(JST-2.5-12P)
Added Component: Designator=HD5(JST-2.5-12P)
Added Component: Designator=IC1(QTO-220)
Add component (AddParameter): Name = "Value"; Value = "LM7805"; VariantName = "[No Variations]"
Added Component: Designator=IC2(QTO-220)
Add component (AddParameter): Name = "Value"; Value = "LM7805"; VariantName = "[No Variations]"
Added Component: Designator=IC3(QTO-220)
Add component (AddParameter): Name = "Value"; Value = "LM7805"; VariantName = "[No Variations]"
Added Component: Designator=IC4(QTO-220)
Add component (AddParameter): Name = "Value"; Value = "LM7805"; VariantName = "[No Variations]"
Added Component: Designator=IC5(QTO-220)
Add component (AddParameter): Name = "Value"; Value = "LM7805"; VariantName = "[No Variations]"
Added Component: Designator=IC6(TSOP1838)
Added Component: Designator=IC7(TSOP1838)
Added Component: Designator=J1(MALE-2.54-4P)
Add component (AddParameter): Name = "JLCPCB PN"; Value = "C492403"; VariantName = "[No Variations]"
Added Component: Designator=J2(MALE-2.54-2P)
Add component (AddParameter): Name = "JLCPCB PN"; Value = "C492401"; VariantName = "[No Variations]"
Added Component: Designator=LED1(LED-5-RED)
Add component (AddParameter): Name = "Value"; Value = "LED 3 ly Single Colour"; VariantName = "[No Variations]"
Added Component: Designator=LED2(LED-5-RED)
Add component (AddParameter): Name = "Value"; Value = "LED 3 ly Single Colour"; VariantName = "[No Variations]"
Added Component: Designator=LED3(LED-5MM-Green)
Add component (AddParameter): Name = "Chung_Loai"; Value = "C?m"; VariantName = "[No Variations]"
Add component (AddParameter): Name = "Don_Vi"; Value = "Con"; VariantName = "[No Variations]"
Add component (AddParameter): Name = "Ghi_Chu"; Value = ""; VariantName = "[No Variations]"
Add component (AddParameter): Name = "Kieu_Chan"; Value = ""; VariantName = "[No Variations]"
Add component (AddParameter): Name = "Ma_Hang"; Value = "MH008969"; VariantName = "[No Variations]"
Add component (AddParameter): Name = "Ten_Linh_Kien"; Value = "LED 5MM Ph? Xanh (1000c)"; VariantName = "[No Variations]"
Added Component: Designator=Q1(QTO-92)
Add component (AddParameter): Name = "Value"; Value = "A1015"; VariantName = "[No Variations]"
Added Component: Designator=Q2(2N2222)
Added Component: Designator=Q3(2N2222)
Added Component: Designator=R1(tro vach 1w)
Add component (AddParameter): Name = "Chung_Loai"; Value = "C?m"; VariantName = "[No Variations]"
Add component (AddParameter): Name = "Don_Vi"; Value = "Con"; VariantName = "[No Variations]"
Add component (AddParameter): Name = "Kieu_Chan"; Value = ""; VariantName = "[No Variations]"
Add component (AddParameter): Name = "Ma_Hang"; Value = "MH006414"; VariantName = "[No Variations]"
Add component (AddParameter): Name = "So_Chan"; Value = "2"; VariantName = "[No Variations]"
Add component (AddParameter): Name = "Ten_Linh_Kien"; Value = "Tr? 5% 1w 220R"; VariantName = "[No Variations]"
Added Component: Designator=R2(tro vach 1w)
Add component (AddParameter): Name = "Chung_Loai"; Value = "C?m"; VariantName = "[No Variations]"
Add component (AddParameter): Name = "Don_Vi"; Value = "Con"; VariantName = "[No Variations]"
Add component (AddParameter): Name = "Kieu_Chan"; Value = ""; VariantName = "[No Variations]"
Add component (AddParameter): Name = "Ma_Hang"; Value = "MH006414"; VariantName = "[No Variations]"
Add component (AddParameter): Name = "So_Chan"; Value = "2"; VariantName = "[No Variations]"
Add component (AddParameter): Name = "Ten_Linh_Kien"; Value = "Tr? 5% 1w 220R"; VariantName = "[No Variations]"
Added Component: Designator=R3(tro vach 2w)
Add component (AddParameter): Name = "Chung_Loai"; Value = "C?m"; VariantName = "[No Variations]"
Add component (AddParameter): Name = "Don_Vi"; Value = "Con"; VariantName = "[No Variations]"
Add component (AddParameter): Name = "Kieu_Chan"; Value = ""; VariantName = "[No Variations]"
Add component (AddParameter): Name = "Ma_Hang"; Value = "MH006312"; VariantName = "[No Variations]"
Add component (AddParameter): Name = "So_Chan"; Value = "2"; VariantName = "[No Variations]"
Add component (AddParameter): Name = "Ten_Linh_Kien"; Value = "Tr? 1% 2w 1.5R"; VariantName = "[No Variations]"
Added Component: Designator=R4(tro vach 1/4w)
Add component (AddParameter): Name = "Chung_Loai"; Value = "C?m"; VariantName = "[No Variations]"
Add component (AddParameter): Name = "Don_Vi"; Value = "Con"; VariantName = "[No Variations]"
Add component (AddParameter): Name = "Kieu_Chan"; Value = ""; VariantName = "[No Variations]"
Add component (AddParameter): Name = "Ma_Hang"; Value = "MH007293"; VariantName = "[No Variations]"
Add component (AddParameter): Name = "So_Chan"; Value = "2"; VariantName = "[No Variations]"
Add component (AddParameter): Name = "Ten_Linh_Kien"; Value = "Tr? V?ch 1/4w 5% 2.2k"; VariantName = "[No Variations]"
Added Component: Designator=R5(tro vach 1/4w)
Add component (AddParameter): Name = "Chung_Loai"; Value = "C?m"; VariantName = "[No Variations]"
Add component (AddParameter): Name = "Don_Vi"; Value = "Con"; VariantName = "[No Variations]"
Add component (AddParameter): Name = "Kieu_Chan"; Value = ""; VariantName = "[No Variations]"
Add component (AddParameter): Name = "Ma_Hang"; Value = "MH006348"; VariantName = "[No Variations]"
Add component (AddParameter): Name = "So_Chan"; Value = "2"; VariantName = "[No Variations]"
Add component (AddParameter): Name = "Ten_Linh_Kien"; Value = "Tr? V?ch 1/4w 1% 330R"; VariantName = "[No Variations]"
Added Component: Designator=R6(tro vach 2w)
Add component (AddParameter): Name = "Chung_Loai"; Value = "C?m"; VariantName = "[No Variations]"
Add component (AddParameter): Name = "Don_Vi"; Value = "Con"; VariantName = "[No Variations]"
Add component (AddParameter): Name = "Kieu_Chan"; Value = ""; VariantName = "[No Variations]"
Add component (AddParameter): Name = "Ma_Hang"; Value = "MH006373"; VariantName = "[No Variations]"
Add component (AddParameter): Name = "So_Chan"; Value = "2"; VariantName = "[No Variations]"
Add component (AddParameter): Name = "Ten_Linh_Kien"; Value = "Tr? 5% 2w 330R"; VariantName = "[No Variations]"
Added Component: Designator=R7(tro vach 2w)
Add component (AddParameter): Name = "Chung_Loai"; Value = "C?m"; VariantName = "[No Variations]"
Add component (AddParameter): Name = "Don_Vi"; Value = "Con"; VariantName = "[No Variations]"
Add component (AddParameter): Name = "Kieu_Chan"; Value = ""; VariantName = "[No Variations]"
Add component (AddParameter): Name = "Ma_Hang"; Value = "MH006358"; VariantName = "[No Variations]"
Add component (AddParameter): Name = "So_Chan"; Value = "2"; VariantName = "[No Variations]"
Add component (AddParameter): Name = "Ten_Linh_Kien"; Value = "Tr? 5% 2w 10k"; VariantName = "[No Variations]"
Added Component: Designator=R8(tro smd 0603)
Add component (AddParameter): Name = "Chung_Loai"; Value = "Dán"; VariantName = "[No Variations]"
Add component (AddParameter): Name = "Don_Vi"; Value = "Con"; VariantName = "[No Variations]"
Add component (AddParameter): Name = "Kieu_Chan"; Value = ""; VariantName = "[No Variations]"
Add component (AddParameter): Name = "Ma_Hang"; Value = "MH005792"; VariantName = "[No Variations]"
Add component (AddParameter): Name = "So_Chan"; Value = "2"; VariantName = "[No Variations]"
Add component (AddParameter): Name = "Ten_Linh_Kien"; Value = "Tr? 0603 1% 0R"; VariantName = "[No Variations]"
Added Component: Designator=R9(tro vach 1/4w)
Add component (AddParameter): Name = "Chung_Loai"; Value = "C?m"; VariantName = "[No Variations]"
Add component (AddParameter): Name = "Don_Vi"; Value = "Con"; VariantName = "[No Variations]"
Add component (AddParameter): Name = "Kieu_Chan"; Value = ""; VariantName = "[No Variations]"
Add component (AddParameter): Name = "Ma_Hang"; Value = "MH007295"; VariantName = "[No Variations]"
Add component (AddParameter): Name = "So_Chan"; Value = "2"; VariantName = "[No Variations]"
Add component (AddParameter): Name = "Ten_Linh_Kien"; Value = "1/4w"; VariantName = "[No Variations]"
Added Component: Designator=R10(tro vach 1/4w)
Add component (AddParameter): Name = "Chung_Loai"; Value = "C?m"; VariantName = "[No Variations]"
Add component (AddParameter): Name = "Don_Vi"; Value = "Con"; VariantName = "[No Variations]"
Add component (AddParameter): Name = "Kieu_Chan"; Value = ""; VariantName = "[No Variations]"
Add component (AddParameter): Name = "Ma_Hang"; Value = "MH007295"; VariantName = "[No Variations]"
Add component (AddParameter): Name = "So_Chan"; Value = "2"; VariantName = "[No Variations]"
Add component (AddParameter): Name = "Ten_Linh_Kien"; Value = "1/4w"; VariantName = "[No Variations]"
Added Component: Designator=R11(tro smd 0603)
Add component (AddParameter): Name = "Chung_Loai"; Value = "Dán"; VariantName = "[No Variations]"
Add component (AddParameter): Name = "Don_Vi"; Value = "Con"; VariantName = "[No Variations]"
Add component (AddParameter): Name = "Kieu_Chan"; Value = ""; VariantName = "[No Variations]"
Add component (AddParameter): Name = "Ma_Hang"; Value = "MH005792"; VariantName = "[No Variations]"
Add component (AddParameter): Name = "So_Chan"; Value = "2"; VariantName = "[No Variations]"
Add component (AddParameter): Name = "Ten_Linh_Kien"; Value = "Tr? 0603 1% 0R"; VariantName = "[No Variations]"
Added Component: Designator=R12(tro vach 1w)
Add component (AddParameter): Name = "Chung_Loai"; Value = "C?m"; VariantName = "[No Variations]"
Add component (AddParameter): Name = "Don_Vi"; Value = "Con"; VariantName = "[No Variations]"
Add component (AddParameter): Name = "Kieu_Chan"; Value = ""; VariantName = "[No Variations]"
Add component (AddParameter): Name = "Ma_Hang"; Value = "MH006397"; VariantName = "[No Variations]"
Add component (AddParameter): Name = "So_Chan"; Value = "2"; VariantName = "[No Variations]"
Add component (AddParameter): Name = "Ten_Linh_Kien"; Value = "Tr? 5% 1w 1k"; VariantName = "[No Variations]"
Added Component: Designator=R13(tro vach 1w)
Add component (AddParameter): Name = "Chung_Loai"; Value = "C?m"; VariantName = "[No Variations]"
Add component (AddParameter): Name = "Don_Vi"; Value = "Con"; VariantName = "[No Variations]"
Add component (AddParameter): Name = "Kieu_Chan"; Value = ""; VariantName = "[No Variations]"
Add component (AddParameter): Name = "Ma_Hang"; Value = "MH006397"; VariantName = "[No Variations]"
Add component (AddParameter): Name = "So_Chan"; Value = "2"; VariantName = "[No Variations]"
Add component (AddParameter): Name = "Ten_Linh_Kien"; Value = "Tr? 5% 1w 1k"; VariantName = "[No Variations]"
Added Component: Designator=R14(tro vach 1/4w)
Add component (AddParameter): Name = "Chung_Loai"; Value = "C?m"; VariantName = "[No Variations]"
Add component (AddParameter): Name = "Don_Vi"; Value = "Con"; VariantName = "[No Variations]"
Add component (AddParameter): Name = "Kieu_Chan"; Value = ""; VariantName = "[No Variations]"
Add component (AddParameter): Name = "Ma_Hang"; Value = "MH004982"; VariantName = "[No Variations]"
Add component (AddParameter): Name = "So_Chan"; Value = "2"; VariantName = "[No Variations]"
Add component (AddParameter): Name = "Ten_Linh_Kien"; Value = "Tr? V?ch 1/4w 5% 47k"; VariantName = "[No Variations]"
Added Component: Designator=R15(tro vach 1/4w)
Add component (AddParameter): Name = "Chung_Loai"; Value = "C?m"; VariantName = "[No Variations]"
Add component (AddParameter): Name = "Don_Vi"; Value = "Con"; VariantName = "[No Variations]"
Add component (AddParameter): Name = "Kieu_Chan"; Value = ""; VariantName = "[No Variations]"
Add component (AddParameter): Name = "Ma_Hang"; Value = "MH007354"; VariantName = "[No Variations]"
Add component (AddParameter): Name = "So_Chan"; Value = "2"; VariantName = "[No Variations]"
Add component (AddParameter): Name = "Ten_Linh_Kien"; Value = "Tr? V?ch 1/4w 5% 10K"; VariantName = "[No Variations]"
Added Component: Designator=R16(tro vach 1/4w)
Add component (AddParameter): Name = "Chung_Loai"; Value = "C?m"; VariantName = "[No Variations]"
Add component (AddParameter): Name = "Don_Vi"; Value = "Con"; VariantName = "[No Variations]"
Add component (AddParameter): Name = "Kieu_Chan"; Value = ""; VariantName = "[No Variations]"
Add component (AddParameter): Name = "Ma_Hang"; Value = "MH007354"; VariantName = "[No Variations]"
Add component (AddParameter): Name = "So_Chan"; Value = "2"; VariantName = "[No Variations]"
Add component (AddParameter): Name = "Ten_Linh_Kien"; Value = "Tr? V?ch 1/4w 5% 10K"; VariantName = "[No Variations]"
Added Component: Designator=R17(tro vach 1/4w)
Add component (AddParameter): Name = "Chung_Loai"; Value = "C?m"; VariantName = "[No Variations]"
Add component (AddParameter): Name = "Don_Vi"; Value = "Con"; VariantName = "[No Variations]"
Add component (AddParameter): Name = "Kieu_Chan"; Value = ""; VariantName = "[No Variations]"
Add component (AddParameter): Name = "Ma_Hang"; Value = "MH007354"; VariantName = "[No Variations]"
Add component (AddParameter): Name = "So_Chan"; Value = "2"; VariantName = "[No Variations]"
Add component (AddParameter): Name = "Ten_Linh_Kien"; Value = "Tr? V?ch 1/4w 5% 10K"; VariantName = "[No Variations]"
Added Component: Designator=RL1(Relay 5 Chan SRD)
Add component (AddParameter): Name = "Ma_Hang"; Value = "MH009374"; VariantName = "[No Variations]"
Add component (AddParameter): Name = "Ten"; Value = "Relay 5V10A SRD-05VDC-SL-C Chính Hãng"; VariantName = "[No Variations]"
Added Component: Designator=S1(PUSH_BUTTON_SMD_3X4X2)
Add component (AddParameter): Name = "JLCPCB PN"; Value = "C231644"; VariantName = "[No Variations]"
Added Component: Designator=SP1(SPK)
Add component (AddParameter): Name = "Value"; Value = "Speaker Chip"; VariantName = "[No Variations]"
Added Component: Designator=U1(PRTR5V0U2X)
Added Component: Designator=U2(MSP430G2553 (PW28))
Added Component: Designator=U3(VSOP-10_19.6_230_57X12_SMD)
Add component (AddParameter): Name = "Alternate Part Number-1"; Value = "NA"; VariantName = "[No Variations]"
Add component (AddParameter): Name = "Case/Package"; Value = "MSOP-10"; VariantName = "[No Variations]"
Add component (AddParameter): Name = "Manufacturer"; Value = "Texas Instruments"; VariantName = "[No Variations]"
Add component (AddParameter): Name = "Manufacturer Part Number"; Value = "ADS1115IDGSR"; VariantName = "[No Variations]"
Add component (AddParameter): Name = "Supplier Part Number-1"; Value = "595-ADS1115IDGSR"; VariantName = "[No Variations]"
Add component (AddParameter): Name = "Supplier-1"; Value = "Mouser"; VariantName = "[No Variations]"
Added Component: Designator=X1(Thach Anh 2 chan cam)
Add component (AddParameter): Name = "Value"; Value = "4Mhz"; VariantName = "[No Variations]"
Added Pin To Net: NetName=3.3VA Pin=C9-1
Added Pin To Net: NetName=3.3VA Pin=C11-1
Added Pin To Net: NetName=3.3VA Pin=C19-1
Added Pin To Net: NetName=3.3VA Pin=C22-1
Added Pin To Net: NetName=3.3VA Pin=IC5-3
Added Pin To Net: NetName=3.3VA Pin=R15-2
Added Pin To Net: NetName=3.3VA Pin=R16-2
Added Pin To Net: NetName=3.3VA Pin=R17-2
Added Pin To Net: NetName=3.3VA Pin=U1-4
Added Pin To Net: NetName=3.3VA Pin=U3-8
Added Net: Name=3.3VA
Added Pin To Net: NetName=3V3 Pin=C6-1
Added Pin To Net: NetName=3V3 Pin=C7-1
Added Pin To Net: NetName=3V3 Pin=C18-1
Added Pin To Net: NetName=3V3 Pin=C20-1
Added Pin To Net: NetName=3V3 Pin=IC3-3
Added Pin To Net: NetName=3V3 Pin=J1-1
Added Pin To Net: NetName=3V3 Pin=R6-1
Added Pin To Net: NetName=3V3 Pin=R7-2
Added Pin To Net: NetName=3V3 Pin=R14-2
Added Pin To Net: NetName=3V3 Pin=U2-1
Added Net: Name=3V3
Added Pin To Net: NetName=5V Pin=C1-1
Added Pin To Net: NetName=5V Pin=H3-2
Added Pin To Net: NetName=5V Pin=IC1-3
Added Net: Name=5V
Added Pin To Net: NetName=12V Pin=C4-1
Added Pin To Net: NetName=12V Pin=C5-1
Added Pin To Net: NetName=12V Pin=HD4-1
Added Pin To Net: NetName=12V Pin=HD5-1
Added Pin To Net: NetName=12V Pin=IC2-3
Added Pin To Net: NetName=12V Pin=IC3-1
Added Pin To Net: NetName=12V Pin=Q1-2
Added Pin To Net: NetName=12V Pin=R1-2
Added Pin To Net: NetName=12V Pin=R2-2
Added Net: Name=12V
Added Pin To Net: NetName=18V Pin=C10-1
Added Pin To Net: NetName=18V Pin=C14-1
Added Pin To Net: NetName=18V Pin=H1-3
Added Pin To Net: NetName=18V Pin=H2-3
Added Pin To Net: NetName=18V Pin=H3-1
Added Pin To Net: NetName=18V Pin=IC4-3
Added Pin To Net: NetName=18V Pin=IC5-1
Added Net: Name=18V
Added Pin To Net: NetName=AIN0 Pin=H1-2
Added Pin To Net: NetName=AIN0 Pin=R9-2
Added Pin To Net: NetName=AIN0 Pin=U1-2
Added Pin To Net: NetName=AIN0 Pin=U3-4
Added Net: Name=AIN0
Added Pin To Net: NetName=AIN2 Pin=H2-2
Added Pin To Net: NetName=AIN2 Pin=R10-2
Added Pin To Net: NetName=AIN2 Pin=U1-3
Added Pin To Net: NetName=AIN2 Pin=U3-6
Added Net: Name=AIN2
Added Pin To Net: NetName=ALERT Pin=R17-1
Added Pin To Net: NetName=ALERT Pin=U2-10
Added Pin To Net: NetName=ALERT Pin=U3-2
Added Net: Name=ALERT
Added Pin To Net: NetName=Buzz Pin=R4-2
Added Pin To Net: NetName=Buzz Pin=U2-6
Added Net: Name=Buzz
Added Pin To Net: NetName=GND Pin=C1-2
Added Pin To Net: NetName=GND Pin=C2-1
Added Pin To Net: NetName=GND Pin=C3-2
Added Pin To Net: NetName=GND Pin=C4-2
Added Pin To Net: NetName=GND Pin=C5-2
Added Pin To Net: NetName=GND Pin=C6-2
Added Pin To Net: NetName=GND Pin=C7-2
Added Pin To Net: NetName=GND Pin=C8-2
Added Pin To Net: NetName=GND Pin=C9-2
Added Pin To Net: NetName=GND Pin=C10-2
Added Pin To Net: NetName=GND Pin=C11-2
Added Pin To Net: NetName=GND Pin=C12-1
Added Pin To Net: NetName=GND Pin=C13-2
Added Pin To Net: NetName=GND Pin=C14-2
Added Pin To Net: NetName=GND Pin=C15-2
Added Pin To Net: NetName=GND Pin=C16-1
Added Pin To Net: NetName=GND Pin=C17-1
Added Pin To Net: NetName=GND Pin=C18-2
Added Pin To Net: NetName=GND Pin=C19-2
Added Pin To Net: NetName=GND Pin=C20-2
Added Pin To Net: NetName=GND Pin=C21-2
Added Pin To Net: NetName=GND Pin=C22-2
Added Pin To Net: NetName=GND Pin=DB1-4
Added Pin To Net: NetName=GND Pin=H1-1
Added Pin To Net: NetName=GND Pin=H2-1
Added Pin To Net: NetName=GND Pin=H3-3
Added Pin To Net: NetName=GND Pin=HD4-12
Added Pin To Net: NetName=GND Pin=HD5-12
Added Pin To Net: NetName=GND Pin=IC1-2
Added Pin To Net: NetName=GND Pin=IC2-2
Added Pin To Net: NetName=GND Pin=IC3-2
Added Pin To Net: NetName=GND Pin=IC4-2
Added Pin To Net: NetName=GND Pin=IC5-2
Added Pin To Net: NetName=GND Pin=IC6-2
Added Pin To Net: NetName=GND Pin=IC7-2
Added Pin To Net: NetName=GND Pin=J1-4
Added Pin To Net: NetName=GND Pin=Q2-1
Added Pin To Net: NetName=GND Pin=Q3-1
Added Pin To Net: NetName=GND Pin=R9-1
Added Pin To Net: NetName=GND Pin=R10-1
Added Pin To Net: NetName=GND Pin=R12-2
Added Pin To Net: NetName=GND Pin=R13-2
Added Pin To Net: NetName=GND Pin=S1-2
Added Pin To Net: NetName=GND Pin=U1-1
Added Pin To Net: NetName=GND Pin=U2-28
Added Pin To Net: NetName=GND Pin=U3-1
Added Pin To Net: NetName=GND Pin=U3-3
Added Pin To Net: NetName=GND Pin=U3-5
Added Pin To Net: NetName=GND Pin=U3-7
Added Net: Name=GND
Added Pin To Net: NetName=IRmote Pin=R7-1
Added Pin To Net: NetName=IRmote Pin=R8-1
Added Pin To Net: NetName=IRmote Pin=R11-1
Added Pin To Net: NetName=IRmote Pin=U2-5
Added Net: Name=IRmote
Added Pin To Net: NetName=LEDA1 Pin=HD4-2
Added Pin To Net: NetName=LEDA1 Pin=U2-11
Added Net: Name=LEDA1
Added Pin To Net: NetName=LEDA2 Pin=HD4-3
Added Pin To Net: NetName=LEDA2 Pin=U2-12
Added Net: Name=LEDA2
Added Pin To Net: NetName=LEDB1 Pin=HD5-2
Added Pin To Net: NetName=LEDB1 Pin=U2-16
Added Net: Name=LEDB1
Added Pin To Net: NetName=LEDB2 Pin=HD5-3
Added Pin To Net: NetName=LEDB2 Pin=U2-17
Added Net: Name=LEDB2
Added Pin To Net: NetName=NetC2_2 Pin=C2-2
Added Pin To Net: NetName=NetC2_2 Pin=C3-1
Added Pin To Net: NetName=NetC2_2 Pin=IC2-1
Added Pin To Net: NetName=NetC2_2 Pin=Q1-3
Added Pin To Net: NetName=NetC2_2 Pin=R3-2
Added Net: Name=NetC2_2
Added Pin To Net: NetName=NetC8_1 Pin=C8-1
Added Pin To Net: NetName=NetC8_1 Pin=C12-2
Added Pin To Net: NetName=NetC8_1 Pin=C13-1
Added Pin To Net: NetName=NetC8_1 Pin=F1-2
Added Pin To Net: NetName=NetC8_1 Pin=F1-2
Added Pin To Net: NetName=NetC8_1 Pin=IC1-1
Added Pin To Net: NetName=NetC8_1 Pin=IC4-1
Added Pin To Net: NetName=NetC8_1 Pin=Q1-1
Added Pin To Net: NetName=NetC8_1 Pin=R3-1
Added Net: Name=NetC8_1
Added Pin To Net: NetName=NetC15_1 Pin=C15-1
Added Pin To Net: NetName=NetC15_1 Pin=IC6-1
Added Pin To Net: NetName=NetC15_1 Pin=IC7-1
Added Pin To Net: NetName=NetC15_1 Pin=R6-2
Added Net: Name=NetC15_1
Added Pin To Net: NetName=NetD1_1 Pin=D1-1
Added Pin To Net: NetName=NetD1_1 Pin=Q2-3
Added Pin To Net: NetName=NetD1_1 Pin=RL1-4
Added Net: Name=NetD1_1
Added Pin To Net: NetName=NetD1_2 Pin=D1-2
Added Pin To Net: NetName=NetD1_2 Pin=R1-1
Added Pin To Net: NetName=NetD1_2 Pin=RL1-5
Added Net: Name=NetD1_2
Added Pin To Net: NetName=NetDB1_1 Pin=DB1-1
Added Pin To Net: NetName=NetDB1_1 Pin=F1-1
Added Pin To Net: NetName=NetDB1_1 Pin=F1-1
Added Net: Name=NetDB1_1
Added Pin To Net: NetName=NetDB1_2 Pin=DB1-2
Added Pin To Net: NetName=NetDB1_2 Pin=HD1-2
Added Net: Name=NetDB1_2
Added Pin To Net: NetName=NetDB1_3 Pin=DB1-3
Added Pin To Net: NetName=NetDB1_3 Pin=HD1-1
Added Net: Name=NetDB1_3
Added Pin To Net: NetName=NetHD2_1 Pin=HD2-1
Added Pin To Net: NetName=NetHD2_1 Pin=HD3-2
Added Net: Name=NetHD2_1
Added Pin To Net: NetName=NetHD2_2 Pin=HD2-2
Added Pin To Net: NetName=NetHD2_2 Pin=RL1-1
Added Net: Name=NetHD2_2
Added Pin To Net: NetName=NetHD3_1 Pin=HD3-1
Added Pin To Net: NetName=NetHD3_1 Pin=RL1-3
Added Net: Name=NetHD3_1
Added Pin To Net: NetName=NetIC6_3 Pin=IC6-3
Added Pin To Net: NetName=NetIC6_3 Pin=R8-2
Added Net: Name=NetIC6_3
Added Pin To Net: NetName=NetIC7_3 Pin=IC7-3
Added Pin To Net: NetName=NetIC7_3 Pin=R11-2
Added Net: Name=NetIC7_3
Added Pin To Net: NetName=NetLED1_2 Pin=LED1-2
Added Pin To Net: NetName=NetLED1_2 Pin=R5-2
Added Net: Name=NetLED1_2
Added Pin To Net: NetName=NetLED2_2 Pin=LED2-2
Added Pin To Net: NetName=NetLED2_2 Pin=R12-1
Added Net: Name=NetLED2_2
Added Pin To Net: NetName=NetLED3_2 Pin=LED3-2
Added Pin To Net: NetName=NetLED3_2 Pin=R13-1
Added Net: Name=NetLED3_2
Added Pin To Net: NetName=NetQ2_2 Pin=Q2-2
Added Pin To Net: NetName=NetQ2_2 Pin=R5-1
Added Net: Name=NetQ2_2
Added Pin To Net: NetName=NetQ3_2 Pin=Q3-2
Added Pin To Net: NetName=NetQ3_2 Pin=R4-1
Added Net: Name=NetQ3_2
Added Pin To Net: NetName=NetQ3_3 Pin=Q3-3
Added Pin To Net: NetName=NetQ3_3 Pin=SP1-2
Added Net: Name=NetQ3_3
Added Pin To Net: NetName=NetR2_1 Pin=R2-1
Added Pin To Net: NetName=NetR2_1 Pin=SP1-1
Added Net: Name=NetR2_1
Added Pin To Net: NetName=P1.5 Pin=LED2-1
Added Pin To Net: NetName=P1.5 Pin=U2-7
Added Net: Name=P1.5
Added Pin To Net: NetName=P1.6 Pin=R16-1
Added Pin To Net: NetName=P1.6 Pin=U2-22
Added Pin To Net: NetName=P1.6 Pin=U3-10
Added Net: Name=P1.6
Added Pin To Net: NetName=P1.7 Pin=R15-1
Added Pin To Net: NetName=P1.7 Pin=U2-23
Added Pin To Net: NetName=P1.7 Pin=U3-9
Added Net: Name=P1.7
Added Pin To Net: NetName=P2.5 Pin=LED3-1
Added Pin To Net: NetName=P2.5 Pin=U2-18
Added Net: Name=P2.5
Added Pin To Net: NetName=Relay Pin=LED1-1
Added Pin To Net: NetName=Relay Pin=U2-2
Added Net: Name=Relay
Added Pin To Net: NetName=RESET Pin=C21-1
Added Pin To Net: NetName=RESET Pin=J1-3
Added Pin To Net: NetName=RESET Pin=R14-1
Added Pin To Net: NetName=RESET Pin=S1-1
Added Pin To Net: NetName=RESET Pin=U2-24
Added Net: Name=RESET
Added Pin To Net: NetName=RXD Pin=J2-1
Added Pin To Net: NetName=RXD Pin=U2-3
Added Net: Name=RXD
Added Pin To Net: NetName=SEG_A Pin=HD4-4
Added Pin To Net: NetName=SEG_A Pin=HD5-4
Added Pin To Net: NetName=SEG_A Pin=U2-9
Added Net: Name=SEG_A
Added Pin To Net: NetName=SEG_B Pin=HD4-5
Added Pin To Net: NetName=SEG_B Pin=HD5-5
Added Pin To Net: NetName=SEG_B Pin=U2-8
Added Net: Name=SEG_B
Added Pin To Net: NetName=SEG_C Pin=HD4-6
Added Pin To Net: NetName=SEG_C Pin=HD5-6
Added Pin To Net: NetName=SEG_C Pin=U2-13
Added Net: Name=SEG_C
Added Pin To Net: NetName=SEG_D Pin=HD4-7
Added Pin To Net: NetName=SEG_D Pin=HD5-7
Added Pin To Net: NetName=SEG_D Pin=U2-14
Added Net: Name=SEG_D
Added Pin To Net: NetName=SEG_E Pin=HD4-8
Added Pin To Net: NetName=SEG_E Pin=HD5-8
Added Pin To Net: NetName=SEG_E Pin=U2-15
Added Net: Name=SEG_E
Added Pin To Net: NetName=SEG_F Pin=HD4-9
Added Pin To Net: NetName=SEG_F Pin=HD5-9
Added Pin To Net: NetName=SEG_F Pin=U2-19
Added Net: Name=SEG_F
Added Pin To Net: NetName=SEG_G Pin=HD4-10
Added Pin To Net: NetName=SEG_G Pin=HD5-10
Added Pin To Net: NetName=SEG_G Pin=U2-20
Added Net: Name=SEG_G
Added Pin To Net: NetName=SEG_H Pin=HD4-11
Added Pin To Net: NetName=SEG_H Pin=HD5-11
Added Pin To Net: NetName=SEG_H Pin=U2-21
Added Net: Name=SEG_H
Added Pin To Net: NetName=TEST Pin=J1-2
Added Pin To Net: NetName=TEST Pin=U2-25
Added Net: Name=TEST
Added Pin To Net: NetName=TXD Pin=J2-2
Added Pin To Net: NetName=TXD Pin=U2-4
Added Net: Name=TXD
Added Pin To Net: NetName=XIN Pin=C17-2
Added Pin To Net: NetName=XIN Pin=U2-27
Added Pin To Net: NetName=XIN Pin=X1-1
Added Net: Name=XIN
Added Pin To Net: NetName=XOUT Pin=C16-2
Added Pin To Net: NetName=XOUT Pin=U2-26
Added Pin To Net: NetName=XOUT Pin=X1-2
Added Net: Name=XOUT
Added Class: Name=Mach dieu khien tu xa
Added Room: Name=Mach dieu khien tu xa
