Change Component Designator: Old Designator=C? New Designator=C1
Change Component Designator: Old Designator=C? New Designator=C2
Change Component Designator: Old Designator=HD? New Designator=HD1
Change Component Designator: Old Designator=IC? New Designator=IC1
Change Component Designator: Old Designator=IC? New Designator=IC2
Change Component Designator: Old Designator=L? New Designator=L1
Change Component Designator: Old Designator=L? New Designator=L2
Change Component Designator: Old Designator=L? New Designator=L3
Change Component Designator: Old Designator=L? New Designator=L4
Change Component Designator: Old Designator=L? New Designator=L5
Change Component Designator: Old Designator=L? New Designator=L6
Change Component Designator: Old Designator=L? New Designator=L7
Change Component Designator: Old Designator=L? New Designator=L8
Change Component Designator: Old Designator=L? New Designator=L9
Change Component Designator: Old Designator=L? New Designator=L10
Change Component Designator: Old Designator=R? New Designator=R1
Change Component Designator: Old Designator=R? New Designator=R2
Change Component Designator: Old Designator=R? New Designator=R3
Change Component Designator: Old Designator=R? New Designator=R4
Change Component Designator: Old Designator=R? New Designator=R5
Change Component Designator: Old Designator=R? New Designator=R6
Change Component Designator: Old Designator=R? New Designator=R7
Change Component Designator: Old Designator=R? New Designator=R8
Change Component Designator: Old Designator=R? New Designator=R9
Change Component Designator: Old Designator=R? New Designator=R10
Change Component Designator: Old Designator=R? New Designator=R11
Change Component Designator: Old Designator=R? New Designator=R12
Change Component Designator: Old Designator=VR? New Designator=VR1
