Removed Pin From Net: NetName=GND Pin=C1-1
Removed Pin From Net: NetName=VCC Pin=C1-2
Removed Pin From Net: NetName=GND Pin=C2-1
Removed Pin From Net: NetName=NetC2_2 Pin=C2-2
Removed Member From Class: ClassName=Mach trai tim Member=C1
Removed Member From Class: ClassName=Mach trai tim Member=C2
Added Component: Designator=C19(CP2/5)
Add component (AddParameter): Name = "LatestRevisionDate"; Value = "17-Jul-2002"; VariantName = "[No Variations]"
Add component (AddParameter): Name = "LatestRevisionNote"; Value = "Re-released for DXP Platform."; VariantName = "[No Variations]"
Add component (AddParameter): Name = "PackageReference"; Value = "C0805"; VariantName = "[No Variations]"
Add component (AddParameter): Name = "Publisher"; Value = "Altium Limited"; VariantName = "[No Variations]"
Add component (AddParameter): Name = "VALUE"; Value = "C?"; VariantName = "[No Variations]"
Added Component: Designator=C?(CP2/5)
Add component (AddParameter): Name = "LatestRevisionDate"; Value = "17-Jul-2002"; VariantName = "[No Variations]"
Add component (AddParameter): Name = "LatestRevisionNote"; Value = "Re-released for DXP Platform."; VariantName = "[No Variations]"
Add component (AddParameter): Name = "PackageReference"; Value = "C0805"; VariantName = "[No Variations]"
Add component (AddParameter): Name = "Publisher"; Value = "Altium Limited"; VariantName = "[No Variations]"
Add component (AddParameter): Name = "VALUE"; Value = "C?"; VariantName = "[No Variations]"
Added Pin To Net: NetName=VCC Pin=C19-1
Added Pin To Net: NetName=GND Pin=C19-2
Added Pin To Net: NetName=NetC2_2 Pin=C?-1
Added Pin To Net: NetName=GND Pin=C?-2
Change Net Name : Old Net Name=NetC2_2 New Net Name=NetC?_1
Added Member To Class: ClassName=Mach trai tim Member=Component C19 1uF/50V
Added Member To Class: ClassName=Mach trai tim Member=Component C? 1uF/50V
Added Room: Name=Mach trai tim
